[0m2021.04.17 21:16:55 INFO  Started: Metals version 0.10.1 in workspace 'C:\Apps\Scala\playtest\scala-play' for client vscode 1.55.2.[0m
[0m2021.04.17 21:16:57 INFO  time: initialize in 1.41s[0m
[0m2021.04.17 21:16:57 WARN  Build server is not auto-connectable.[0m
[0m2021.04.17 21:16:57 WARN  no build target for: C:\Apps\Scala\playtest\scala-play\app\controllers\HomeController.scala[0m
[0m2021.04.17 21:17:01 INFO  no build target: using presentation compiler with only scala-library: 2.12.13[0m
Apr 17, 2021 9:17:01 PM org.eclipse.lsp4j.jsonrpc.RemoteEndpoint handleCancellation
WARNING: Unmatched cancel notification for request id 2
Apr 17, 2021 9:17:01 PM org.eclipse.lsp4j.jsonrpc.RemoteEndpoint handleCancellation
WARNING: Unmatched cancel notification for request id 6
[0m2021.04.17 21:17:02 INFO  time: code lens generation in 1.54s[0m
Apr 17, 2021 9:17:02 PM org.eclipse.lsp4j.jsonrpc.RemoteEndpoint handleCancellation
WARNING: Unmatched cancel notification for request id 7
Apr 17, 2021 9:17:02 PM org.eclipse.lsp4j.jsonrpc.RemoteEndpoint handleCancellation
WARNING: Unmatched cancel notification for request id 4
Apr 17, 2021 9:17:02 PM org.eclipse.lsp4j.jsonrpc.RemoteEndpoint handleCancellation
WARNING: Unmatched cancel notification for request id 5
Apr 17, 2021 9:17:04 PM org.eclipse.lsp4j.jsonrpc.RemoteEndpoint handleCancellation
WARNING: Unmatched cancel notification for request id 21
[0m2021.04.17 21:17:21 INFO  running 'C:\Program Files\Java\jdk-11.0.10\bin\java -Djline.terminal=jline.UnsupportedTerminal -Dsbt.log.noformat=true -Dfile.encoding=UTF-8 -jar C:\Users\greqo\AppData\Local\Temp\metals11745517878843566619\sbt-launch.jar -Dbloop.export-jar-classifiers=sources bloopInstall'[0m
[0m2021.04.17 21:17:27 INFO  [info] welcome to sbt 1.3.13 (Oracle Corporation Java 11.0.10)[0m
[0m2021.04.17 21:17:30 INFO  [info] loading settings for project scala-play-build-build-build from metals.sbt ...[0m
[0m2021.04.17 21:17:30 INFO  [info] loading project definition from C:\Apps\Scala\playtest\scala-play\project\project\project[0m
[0m2021.04.17 21:17:32 INFO  [warn] There may be incompatibilities among your library dependencies; run 'evicted' to see detailed eviction warnings.[0m
[0m2021.04.17 21:17:34 INFO  [info] loading settings for project scala-play-build-build from metals.sbt ...[0m
[0m2021.04.17 21:17:34 INFO  [info] loading project definition from C:\Apps\Scala\playtest\scala-play\project\project[0m
[0m2021.04.17 21:17:34 INFO  [warn] There may be incompatibilities among your library dependencies; run 'evicted' to see detailed eviction warnings.[0m
[0m2021.04.17 21:17:40 INFO  [success] Generated .bloop\scala-play-build-build.json[0m
[0m2021.04.17 21:17:40 INFO  [success] Total time: 7 s, completed 17 Apr 2021, 21:17:41[0m
[0m2021.04.17 21:17:42 INFO  [info] loading settings for project scala-play-build from metals.sbt,plugins.sbt ...[0m
[0m2021.04.17 21:17:42 INFO  [info] loading project definition from C:\Apps\Scala\playtest\scala-play\project[0m
[0m2021.04.17 21:17:43 INFO  [warn] There may be incompatibilities among your library dependencies; run 'evicted' to see detailed eviction warnings.[0m
[0m2021.04.17 21:17:45 INFO  [success] Generated .bloop\scala-play-build.json[0m
[0m2021.04.17 21:17:45 INFO  [success] Total time: 3 s, completed 17 Apr 2021, 21:17:45[0m
[0m2021.04.17 21:17:48 INFO  [info] loading settings for project root from build.sbt ...[0m
[0m2021.04.17 21:17:48 INFO  [info] set current project to scala-play (in build file:/C:/Apps/Scala/playtest/scala-play/)[0m
[0m2021.04.17 21:17:53 INFO  [warn] There may be incompatibilities among your library dependencies; run 'evicted' to see detailed eviction warnings.[0m
[0m2021.04.17 21:18:01 INFO  [warn] There may be incompatibilities among your library dependencies; run 'evicted' to see detailed eviction warnings.[0m
[0m2021.04.17 21:18:01 INFO  [success] Generated .bloop\root.json[0m
[0m2021.04.17 21:18:02 INFO  [success] Generated .bloop\root-test.json[0m
[0m2021.04.17 21:18:02 INFO  [success] Total time: 13 s, completed 17 Apr 2021, 21:18:02[0m
[0m2021.04.17 21:18:02 INFO  sbt bloopInstall exit: 0[0m
[0m2021.04.17 21:18:02 INFO  time: ran 'sbt bloopInstall' in 40s[0m
[0m2021.04.17 21:18:02 INFO  Attempting to connect to the build server...[0m
Starting the bsp launcher for bloop...
Opening a bsp server connection with 'bsp --protocol tcp --port 22401'...
Waiting for the bsp connection to come up...
[0m[32m[D][0m Loading 2 projects from 'c:\Apps\Scala\playtest\scala-play\.bloop'...
[0m[32m[D][0m Loading project from 'c:\Apps\Scala\playtest\scala-play\.bloop\root.json'
[0m[32m[D][0m Loading project from 'c:\Apps\Scala\playtest\scala-play\.bloop\root-test.json'
[0m[32m[D][0m Missing analysis file for project 'root-test'
[0m[32m[D][0m Missing analysis file for project 'root'
[0m[32m[D][0m Waiting for a connection at 127.0.0.1:22401...
The server is listening for incoming connections at tcp://127.0.0.1:22401...
Starting thread that pumps stdin and redirects it to the bsp server...
Starting thread that pumps server stdout and redirects it to the client stdout...
[0m2021.04.17 21:18:03 INFO  tracing is disabled for protocol BSP, to enable tracing of incoming and outgoing JSON messages create an empty file at C:\Users\greqo\AppData\Local\scalameta\metals\cache\bsp.trace.json[0m
[0m2021.04.17 21:18:03 INFO  Attempting to connect to the build server...[0m
Starting the bsp launcher for bloop...
Opening a bsp server connection with 'bsp --protocol tcp --port 14143'...
[0m2021.04.17 21:18:03 INFO  Attempting to connect to the build server...[0m
Waiting for the bsp connection to come up...
Starting the bsp launcher for bloop...
Opening a bsp server connection with 'bsp --protocol tcp --port 31018'...
Waiting for the bsp connection to come up...
[0m[32m[D][0m Loading workspace settings from bloop.settings.json
[0m[32m[D][0m Waiting for a connection at 127.0.0.1:14143...
The server is listening for incoming connections at tcp://127.0.0.1:14143...
[0m[32m[D][0m Loading workspace settings from bloop.settings.json
[0m[32m[D][0m Waiting for a connection at 127.0.0.1:31018...
The server is listening for incoming connections at tcp://127.0.0.1:31018...
Starting thread that pumps stdin and redirects it to the bsp server...
Starting thread that pumps stdin and redirects it to the bsp server...
Starting thread that pumps server stdout and redirects it to the client stdout...
Starting thread that pumps server stdout and redirects it to the client stdout...
[0m2021.04.17 21:18:03 INFO  tracing is disabled for protocol BSP, to enable tracing of incoming and outgoing JSON messages create an empty file at C:\Users\greqo\AppData\Local\scalameta\metals\cache\bsp.trace.json[0m
[0m2021.04.17 21:18:03 INFO  tracing is disabled for protocol BSP, to enable tracing of incoming and outgoing JSON messages create an empty file at C:\Users\greqo\AppData\Local\scalameta\metals\cache\bsp.trace.json[0m
[0m2021.04.17 21:18:07 INFO  time: Connected to build server in 5.46s[0m
[0m2021.04.17 21:18:07 INFO  Connected to Build server: Bloop v1.4.8[0m
[0m2021.04.17 21:18:07 INFO  time: Imported build in 0.12s[0m
[0m2021.04.17 21:18:16 INFO  time: indexed workspace in 9.02s[0m
[0m2021.04.18 13:35:30 INFO  Started: Metals version 0.10.1 in workspace 'C:\Apps\Scala\playtest\scala-play' for client vscode 1.55.2.[0m
[0m2021.04.18 13:35:32 INFO  time: initialize in 1.51s[0m
[0m2021.04.18 13:35:37 INFO  Attempting to connect to the build server...[0m
[0m2021.04.18 13:35:37 WARN  no build target for: C:\Apps\Scala\playtest\scala-play\app\controllers\HomeController.scala[0m
[0m2021.04.18 13:35:38 INFO  skipping build import with status 'Installed'[0m
Starting the bsp launcher for bloop...
Opening a bsp server connection with 'bsp --protocol tcp --port 11680'...
Waiting for the bsp connection to come up...
Waiting for the bsp connection to come up...
Waiting for the bsp connection to come up...
Waiting for the bsp connection to come up...
[0m2021.04.18 13:35:43 INFO  no build target: using presentation compiler with only scala-library: 2.12.13[0m
Waiting for the bsp connection to come up...
No server running at 127.0.0.1:8212, let's fire one...
Resolving ch.epfl.scala:bloop-frontend_2.12:1.4.8...
Starting bloop server at 127.0.0.1:8212...
Attempting a connection to the server...
[0m[32m[D][0m Loading workspace settings from bloop.settings.json
[0m[32m[D][0m Loading 2 projects from 'c:\Apps\Scala\playtest\scala-play\.bloop'...
[0m[32m[D][0m Loading project from 'c:\Apps\Scala\playtest\scala-play\.bloop\root-test.json'
[0m[32m[D][0m Loading project from 'c:\Apps\Scala\playtest\scala-play\.bloop\root.json'
[0m[32m[D][0m Cache miss for scala instance org.scala-lang:scala-compiler:2.13.5.
[0m[32m[D][0m   => C:\Users\greqo\AppData\Local\Coursier\cache\v1\https\repo1.maven.org\maven2\net\java\dev\jna\jna\5.3.1\jna-5.3.1.jar
[0m[32m[D][0m   => C:\Users\greqo\AppData\Local\Coursier\cache\v1\https\repo1.maven.org\maven2\org\jline\jline\3.19.0\jline-3.19.0.jar
[0m[32m[D][0m   => C:\Users\greqo\AppData\Local\Coursier\cache\v1\https\repo1.maven.org\maven2\org\scala-lang\scala-compiler\2.13.5\scala-compiler-2.13.5.jar
[0m[32m[D][0m   => C:\Users\greqo\AppData\Local\Coursier\cache\v1\https\repo1.maven.org\maven2\org\scala-lang\scala-library\2.13.5\scala-library-2.13.5.jar
[0m[32m[D][0m   => C:\Users\greqo\AppData\Local\Coursier\cache\v1\https\repo1.maven.org\maven2\org\scala-lang\scala-reflect\2.13.5\scala-reflect-2.13.5.jar
[0m[32m[D][0m Configured SemanticDB in projects 'root', 'root-test'
[0m[32m[D][0m Missing analysis file for project 'root'
[0m[32m[D][0m Missing analysis file for project 'root-test'
[0m[32m[D][0m Waiting for a connection at 127.0.0.1:11680...
The server is listening for incoming connections at tcp://127.0.0.1:11680...
Starting thread that pumps stdin and redirects it to the bsp server...
Starting thread that pumps server stdout and redirects it to the client stdout...
[0m2021.04.18 13:35:45 INFO  time: code lens generation in 7.84s[0m
[0m2021.04.18 13:35:46 INFO  tracing is disabled for protocol BSP, to enable tracing of incoming and outgoing JSON messages create an empty file at C:\Users\greqo\AppData\Local\scalameta\metals\cache\bsp.trace.json[0m
[0m2021.04.18 13:35:46 INFO  Attempting to connect to the build server...[0m
Starting the bsp launcher for bloop...
[0m2021.04.18 13:35:46 INFO  Attempting to connect to the build server...[0m
Opening a bsp server connection with 'bsp --protocol tcp --port 14183'...
Waiting for the bsp connection to come up...
Starting the bsp launcher for bloop...
Opening a bsp server connection with 'bsp --protocol tcp --port 20668'...
Waiting for the bsp connection to come up...
[0m[32m[D][0m Loading workspace settings from bloop.settings.json
[0m[32m[D][0m Waiting for a connection at 127.0.0.1:14183...
The server is listening for incoming connections at tcp://127.0.0.1:14183...
Starting thread that pumps stdin and redirects it to the bsp server...
Starting thread that pumps server stdout and redirects it to the client stdout...
[0m[32m[D][0m Loading workspace settings from bloop.settings.json
[0m[32m[D][0m Waiting for a connection at 127.0.0.1:20668...
The server is listening for incoming connections at tcp://127.0.0.1:20668...
Starting thread that pumps stdin and redirects it to the bsp server...
Starting thread that pumps server stdout and redirects it to the client stdout...
[0m2021.04.18 13:35:46 INFO  tracing is disabled for protocol BSP, to enable tracing of incoming and outgoing JSON messages create an empty file at C:\Users\greqo\AppData\Local\scalameta\metals\cache\bsp.trace.json[0m
[0m2021.04.18 13:35:46 INFO  tracing is disabled for protocol BSP, to enable tracing of incoming and outgoing JSON messages create an empty file at C:\Users\greqo\AppData\Local\scalameta\metals\cache\bsp.trace.json[0m
[0m2021.04.18 13:35:46 INFO  time: Connected to build server in 8.89s[0m
[0m2021.04.18 13:35:46 INFO  Connected to Build server: Bloop v1.4.8[0m
[0m2021.04.18 13:35:46 INFO  time: Imported build in 0.23s[0m
[0m2021.04.18 13:35:51 INFO  time: indexed workspace in 4.58s[0m
[0m2021.04.18 13:35:52 INFO  compiling root (7 scala sources and 1 java source)[0m
[0m2021.04.18 13:36:00 INFO  compiling root-test (1 scala source)[0m
[0m2021.04.18 13:36:00 INFO  time: compiled root in 7.9s[0m
[0m2021.04.18 13:36:02 INFO  time: compiled root-test in 1.83s[0m
[0m2021.04.18 13:41:06 INFO  shutting down Metals[0m
[0m2021.04.18 13:41:06 INFO  Shut down connection with build server.[0m
[0m2021.04.18 13:41:06 INFO  Shut down connection with build server.[0m
[0m2021.04.18 13:41:06 INFO  Shut down connection with build server.[0m
No more data in the client stdin, exiting...
No more data in the server stdin, exiting...
No more data in the client stdin, exiting...
No more data in the server stdin, exiting...
No more data in the client stdin, exiting...
No more data in the server stdin, exiting...
[0m2021.04.21 10:34:50 INFO  Started: Metals version 0.10.1 in workspace 'C:\Apps\Scala\playtest\scala-play' for client vscode 1.55.2.[0m
[0m2021.04.21 10:34:52 INFO  time: initialize in 1.59s[0m
[0m2021.04.21 10:34:52 INFO  Attempting to connect to the build server...[0m
[0m2021.04.21 10:34:52 WARN  no build target for: C:\Apps\Scala\playtest\scala-play\app\controllers\HomeController.scala[0m
[0m2021.04.21 10:34:52 INFO  skipping build import with status 'Installed'[0m
Starting the bsp launcher for bloop...
Opening a bsp server connection with 'bsp --protocol tcp --port 14950'...
Waiting for the bsp connection to come up...
Waiting for the bsp connection to come up...
Waiting for the bsp connection to come up...
[0m2021.04.21 10:34:56 INFO  no build target: using presentation compiler with only scala-library: 2.12.13[0m
Waiting for the bsp connection to come up...
[0m2021.04.21 10:34:58 INFO  time: code lens generation in 5.53s[0m
Waiting for the bsp connection to come up...
Waiting for the bsp connection to come up...
No server running at 127.0.0.1:8212, let's fire one...
Resolving ch.epfl.scala:bloop-frontend_2.12:1.4.8...
Starting bloop server at 127.0.0.1:8212...
Attempting a connection to the server...
[0m[32m[D][0m Loading workspace settings from bloop.settings.json
[0m[32m[D][0m Loading 2 projects from 'c:\Apps\Scala\playtest\scala-play\.bloop'...
[0m[32m[D][0m Loading project from 'c:\Apps\Scala\playtest\scala-play\.bloop\root-test.json'
[0m[32m[D][0m Loading project from 'c:\Apps\Scala\playtest\scala-play\.bloop\root.json'
[0m[32m[D][0m Cache miss for scala instance org.scala-lang:scala-compiler:2.13.5.
[0m[32m[D][0m   => C:\Users\greqo\AppData\Local\Coursier\cache\v1\https\repo1.maven.org\maven2\net\java\dev\jna\jna\5.3.1\jna-5.3.1.jar
[0m[32m[D][0m   => C:\Users\greqo\AppData\Local\Coursier\cache\v1\https\repo1.maven.org\maven2\org\jline\jline\3.19.0\jline-3.19.0.jar
[0m[32m[D][0m   => C:\Users\greqo\AppData\Local\Coursier\cache\v1\https\repo1.maven.org\maven2\org\scala-lang\scala-compiler\2.13.5\scala-compiler-2.13.5.jar
[0m[32m[D][0m   => C:\Users\greqo\AppData\Local\Coursier\cache\v1\https\repo1.maven.org\maven2\org\scala-lang\scala-library\2.13.5\scala-library-2.13.5.jar
[0m[32m[D][0m   => C:\Users\greqo\AppData\Local\Coursier\cache\v1\https\repo1.maven.org\maven2\org\scala-lang\scala-reflect\2.13.5\scala-reflect-2.13.5.jar
[0m[32m[D][0m Configured SemanticDB in projects 'root-test', 'root'
[0m[32m[D][0m Loading previous analysis for 'root' from 'C:\Apps\Scala\playtest\scala-play\target\streams\compile\bloopAnalysisOut\_global\streams\inc_compile_2.13.zip'.
[0m[32m[D][0m Loading previous analysis for 'root-test' from 'C:\Apps\Scala\playtest\scala-play\target\streams\test\bloopAnalysisOut\_global\streams\inc_compile_2.13.zip'.
[0m[32m[D][0m Waiting for a connection at 127.0.0.1:14950...
The server is listening for incoming connections at tcp://127.0.0.1:14950...
Starting thread that pumps stdin and redirects it to the bsp server...
Starting thread that pumps server stdout and redirects it to the client stdout...
[0m2021.04.21 10:35:01 INFO  tracing is disabled for protocol BSP, to enable tracing of incoming and outgoing JSON messages create an empty file at C:\Users\greqo\AppData\Local\scalameta\metals\cache\bsp.trace.json[0m
[0m2021.04.21 10:35:01 INFO  Attempting to connect to the build server...[0m
Starting the bsp launcher for bloop...
Opening a bsp server connection with 'bsp --protocol tcp --port 15828'...
[0m2021.04.21 10:35:01 INFO  Attempting to connect to the build server...Waiting for the bsp connection to come up...[0m

Starting the bsp launcher for bloop...
Opening a bsp server connection with 'bsp --protocol tcp --port 17152'...
Waiting for the bsp connection to come up...
[0m[32m[D][0m Loading workspace settings from bloop.settings.json
[0m[32m[D][0m Waiting for a connection at 127.0.0.1:15828...
The server is listening for incoming connections at tcp://127.0.0.1:15828...
[0m[32m[D][0m Loading workspace settings from bloop.settings.json
[0m[32m[D][0m Waiting for a connection at 127.0.0.1:17152...
The server is listening for incoming connections at tcp://127.0.0.1:17152...
Starting thread that pumps stdin and redirects it to the bsp server...
Starting thread that pumps stdin and redirects it to the bsp server...
Starting thread that pumps server stdout and redirects it to the client stdout...
Starting thread that pumps server stdout and redirects it to the client stdout...
[0m2021.04.21 10:35:02 INFO  tracing is disabled for protocol BSP, to enable tracing of incoming and outgoing JSON messages create an empty file at C:\Users\greqo\AppData\Local\scalameta\metals\cache\bsp.trace.json[0m
[0m2021.04.21 10:35:02 INFO  tracing is disabled for protocol BSP, to enable tracing of incoming and outgoing JSON messages create an empty file at C:\Users\greqo\AppData\Local\scalameta\metals\cache\bsp.trace.json[0m
[0m2021.04.21 10:35:02 INFO  time: Connected to build server in 9.46s[0m
[0m2021.04.21 10:35:02 INFO  Connected to Build server: Bloop v1.4.8[0m
[0m2021.04.21 10:35:02 INFO  time: Imported build in 0.45s[0m
[0m2021.04.21 10:35:07 INFO  time: indexed workspace in 4.53s[0m
[0m2021.04.21 10:40:05 INFO  compiling root (1 scala source)[0m
[0m2021.04.21 10:40:12 INFO  time: compiled root in 6.93s[0m
[0m2021.04.21 10:51:27 INFO  time: code lens generation in 5.13s[0m
[0m2021.04.21 10:51:27 INFO  time: code lens generation in 2.91s[0m
[0m2021.04.21 10:52:18 INFO  compiling root (3 scala sources)[0m
[0m2021.04.21 10:52:18 INFO  time: compiled root in 0.69s[0m
[0m2021.04.21 12:09:39 INFO  compiling root (3 scala sources)[0m
[0m2021.04.21 12:09:41 INFO  time: compiled root in 2.1s[0m
[0m2021.04.21 12:09:41 INFO  compiling root (1 java source)[0m
[0m2021.04.21 12:09:41 INFO  time: compiled root in 0.87s[0m
[0m2021.04.21 22:41:22 INFO  shutting down Metals[0m
[0m2021.04.21 22:41:22 INFO  Shut down connection with build server.[0m
[0m2021.04.21 22:41:22 INFO  Shut down connection with build server.[0m
[0m2021.04.21 22:41:22 INFO  Shut down connection with build server.[0m
No more data in the client stdin, exiting...
No more data in the server stdin, exiting...
No more data in the server stdin, exiting...
No more data in the server stdin, exiting...
No more data in the client stdin, exiting...
No more data in the client stdin, exiting...
[0m2021.04.21 23:13:39 INFO  Started: Metals version 0.10.1 in workspace 'C:\Apps\Scala\playtest\scala-play' for client vscode 1.55.2.[0m
[0m2021.04.21 23:13:40 INFO  time: initialize in 1.3s[0m
[0m2021.04.21 23:13:40 INFO  Attempting to connect to the build server...[0m
[0m2021.04.21 23:13:41 INFO  skipping build import with status 'Installed'[0m
Starting the bsp launcher for bloop...
Opening a bsp server connection with 'bsp --protocol tcp --port 35659'...
Waiting for the bsp connection to come up...
[0m[32m[D][0m Loading workspace settings from bloop.settings.json
[0m[32m[D][0m Waiting for a connection at 127.0.0.1:35659...
The server is listening for incoming connections at tcp://127.0.0.1:35659...
Starting thread that pumps stdin and redirects it to the bsp server...
Starting thread that pumps server stdout and redirects it to the client stdout...
[0m2021.04.21 23:13:41 INFO  tracing is disabled for protocol BSP, to enable tracing of incoming and outgoing JSON messages create an empty file at C:\Users\greqo\AppData\Local\scalameta\metals\cache\bsp.trace.json[0m
[0m2021.04.21 23:13:41 INFO  Attempting to connect to the build server...[0m
Starting the bsp launcher for bloop...
Opening a bsp server connection with 'bsp --protocol tcp --port 12464'...[0m
2021.04.21 23:13:41 INFO  Attempting to connect to the build server...[0m
Waiting for the bsp connection to come up...
Starting the bsp launcher for bloop...
Opening a bsp server connection with 'bsp --protocol tcp --port 34109'...
Waiting for the bsp connection to come up...
[0m[32m[D][0m Loading workspace settings from bloop.settings.json
[0m[32m[D][0m Waiting for a connection at 127.0.0.1:12464...
The server is listening for incoming connections at tcp://127.0.0.1:12464...
Starting thread that pumps stdin and redirects it to the bsp server...
Starting thread that pumps server stdout and redirects it to the client stdout...
[0m[32m[D][0m Loading workspace settings from bloop.settings.json
[0m[32m[D][0m Waiting for a connection at 127.0.0.1:34109...
The server is listening for incoming connections at tcp://127.0.0.1:34109...
Starting thread that pumps stdin and redirects it to the bsp server...
Starting thread that pumps server stdout and redirects it to the client stdout...
[0m2021.04.21 23:13:41 INFO  tracing is disabled for protocol BSP, to enable tracing of incoming and outgoing JSON messages create an empty file at C:\Users\greqo\AppData\Local\scalameta\metals\cache\bsp.trace.json[0m
[0m2021.04.21 23:13:41 INFO  tracing is disabled for protocol BSP, to enable tracing of incoming and outgoing JSON messages create an empty file at C:\Users\greqo\AppData\Local\scalameta\metals\cache\bsp.trace.json[0m
[0m2021.04.21 23:13:41 INFO  time: Connected to build server in 0.95s[0m
[0m2021.04.21 23:13:41 INFO  Connected to Build server: Bloop v1.4.8[0m
[0m2021.04.21 23:13:46 INFO  time: indexed workspace in 4.16s[0m
[0m2021.04.21 23:15:10 INFO  compiling root (1 scala source)[0m
[0m2021.04.21 23:15:12 INFO  time: compiled root in 1.95s[0m
[0m2021.04.21 23:15:12 INFO  compiling root (1 scala source)[0m
[0m2021.04.21 23:15:12 INFO  time: compiled root in 0.28s[0m
Apr 21, 2021 11:28:47 PM org.eclipse.lsp4j.jsonrpc.services.GenericEndpoint notify
INFO: Unsupported notification method: $/setTraceNotification
